<?xml version="1.0" encoding="UTF-8"?>
<!-- Generated by org.testng.reporters.JUnitXMLReporter -->
<testsuite hostname="LAPTOP-4AP2TFUD" ignored="0" tests="1" failures="1" timestamp="23 八月 2022 21:10:32 GMT" time="16.424" errors="0">
  <testcase name="test01" time="16.397" classname="TestTest">
    <failure type="java.lang.AssertionError" message="expected [鐧惧害涓�涓嬶紝浣犲氨鐭ラ亾] but found [百度一下，你就知道]">
      <![CDATA[java.lang.AssertionError: expected [鐧惧害涓�涓嬶紝浣犲氨鐭ラ亾] but found [百度一下，你就知道]
	at TestTest.test01(TestTest.java:20)
... Removed 40 stack frames]]>
    </failure>
  </testcase> <!-- test01 -->
</testsuite>
