<?xml version="1.0" encoding="UTF-8"?>
<testng-results skipped="0" failed="0" total="1" passed="1">
  <reporter-output>
  </reporter-output>
  <suite name="SuiteDDemo" duration-ms="8178" started-at="2022-08-27T03:23:10Z" finished-at="2022-08-27T03:23:19Z">
    <groups>
    </groups>
    <test name="Test" duration-ms="8178" started-at="2022-08-27T03:23:10Z" finished-at="2022-08-27T03:23:19Z">
      <class name="TestTest">
        <test-method status="PASS" signature="beforeTest()[pri:0, instance:TestTest@32cf48b7]" name="beforeTest" is-config="true" duration-ms="14" started-at="2022-08-27T11:23:10Z" finished-at="2022-08-27T11:23:10Z">
          <reporter-output>
          </reporter-output>
        </test-method> <!-- beforeTest -->
        <test-method status="PASS" signature="beforeClass()[pri:0, instance:TestTest@32cf48b7]" name="beforeClass" is-config="true" duration-ms="1" started-at="2022-08-27T11:23:10Z" finished-at="2022-08-27T11:23:10Z">
          <reporter-output>
          </reporter-output>
        </test-method> <!-- beforeClass -->
        <test-method status="PASS" signature="beforeMethod()[pri:0, instance:TestTest@32cf48b7]" name="beforeMethod" is-config="true" duration-ms="66" started-at="2022-08-27T11:23:10Z" finished-at="2022-08-27T11:23:11Z">
          <reporter-output>
          </reporter-output>
        </test-method> <!-- beforeMethod -->
        <test-method status="PASS" signature="test01()[pri:0, instance:TestTest@32cf48b7]" name="test01" duration-ms="8068" started-at="2022-08-27T11:23:11Z" finished-at="2022-08-27T11:23:19Z">
          <reporter-output>
          </reporter-output>
        </test-method> <!-- test01 -->
        <test-method status="PASS" signature="afterMethod()[pri:0, instance:TestTest@32cf48b7]" name="afterMethod" is-config="true" duration-ms="4" started-at="2022-08-27T11:23:19Z" finished-at="2022-08-27T11:23:19Z">
          <reporter-output>
          </reporter-output>
        </test-method> <!-- afterMethod -->
        <test-method status="PASS" signature="afterClass()[pri:0, instance:TestTest@32cf48b7]" name="afterClass" is-config="true" duration-ms="3" started-at="2022-08-27T11:23:19Z" finished-at="2022-08-27T11:23:19Z">
          <reporter-output>
          </reporter-output>
        </test-method> <!-- afterClass -->
        <test-method status="PASS" signature="afterTest()[pri:0, instance:TestTest@32cf48b7]" name="afterTest" is-config="true" duration-ms="1" started-at="2022-08-27T11:23:19Z" finished-at="2022-08-27T11:23:19Z">
          <reporter-output>
          </reporter-output>
        </test-method> <!-- afterTest -->
      </class> <!-- TestTest -->
    </test> <!-- Test -->
  </suite> <!-- SuiteDDemo -->
</testng-results>
