<?xml version="1.0" encoding="UTF-8" ?>
<testsuite tests="1" failures="1" name="TestSuite" time="16.407" errors="0" skipped="0">
  <properties>
[...]
</properties>
  <testcase classname="TestTest" name="test01" time="16.407">
    <failure message="expected [鐧惧害涓�涓嬶紝浣犲氨鐭ラ亾] but found [百度一下，你就知道]" type="java.lang.AssertionError">java.lang.AssertionError: expected [鐧惧害涓�涓嬶紝浣犲氨鐭ラ亾] but found [百度一下，你就知道]
	at org.testng.Assert.fail(Assert.java:94)
	at org.testng.Assert.failNotEquals(Assert.java:513)
	at org.testng.Assert.assertEqualsImpl(Assert.java:135)
	at org.testng.Assert.assertEquals(Assert.java:116)
	at org.testng.Assert.assertEquals(Assert.java:190)
	at org.testng.Assert.assertEquals(Assert.java:200)
	at TestTest.test01(TestTest.java:20)
</failure>
    <system-out>beforeTest
beforeClass
beforeMethod
鐧惧害涓�涓嬶紝浣犲氨鐭ラ亾
</system-out>
    <system-err>Starting ChromeDriver 99.0.4844.51 (d537ec02474b5afe23684e7963d538896c63ac77-refs/branch-heads/4844@{#875}) on port 25230
Only local connections are allowed.
Please see https://chromedriver.chromium.org/security-considerations for suggestions on keeping ChromeDriver safe.
ChromeDriver was started successfully.
</system-err>
  </testcase>
</testsuite>